<?xml version="1.0" encoding="utf-8" standalone="no"?>
<test-run id="2" testcasecount="1" result="Passed" total="1" passed="1" failed="0" inconclusive="0" skipped="0" asserts="0" engine-version="3.9.0.0" clr-version="4.0.30319.42000" start-time="2018-09-07 12:55:28Z" end-time="2018-09-07 12:55:36Z" duration="7.760541">
  <command-line><![CDATA[nunit3-console  WebApp.Features\bin\debug\Disaplan.WebApp.Features.dll --configfile=C:\Projects\Disaplan\WebApp\WebApp.Features\App.prod.config]]></command-line>
  <test-suite type="Assembly" id="0-1002" name="Disaplan.WebApp.Features.dll" fullname="C:\Projects\Disaplan\WebApp\WebApp.Features\bin\debug\Disaplan.WebApp.Features.dll" runstate="Runnable" testcasecount="1" result="Passed" start-time="2018-09-07 12:55:29Z" end-time="2018-09-07 12:55:36Z" duration="7.179236" total="1" passed="1" failed="0" inconclusive="0" skipped="0" asserts="0">
    <environment framework-version="3.0.5797.27534" clr-version="4.0.30319.42000" os-version="Microsoft Windows NT 6.3.9600.0" platform="Win32NT" cwd="C:\Projects\Disaplan\WebApp" machine-name="KEV-LAPTOP" user="KevReece" user-domain="kev-laptop" culture="de-DE" uiculture="de-DE" os-architecture="x64" />
    <settings>
      <setting name="DisposeRunners" value="True" />
      <setting name="WorkDirectory" value="C:\Projects\Disaplan\WebApp" />
      <setting name="ConfigurationFile" value="C:\Projects\Disaplan\WebApp\WebApp.Features\App.prod.config" />
      <setting name="ImageRuntimeVersion" value="4.0.30319" />
      <setting name="ImageTargetFrameworkName" value=".NETFramework,Version=v4.6.1" />
      <setting name="ImageRequiresX86" value="False" />
      <setting name="ImageRequiresDefaultAppDomainAssemblyResolver" value="False" />
      <setting name="NumberOfTestWorkers" value="4" />
    </settings>
    <properties>
      <property name="_PID" value="16188" />
      <property name="_APPDOMAIN" value="domain-" />
    </properties>
    <test-suite type="TestSuite" id="0-1003" name="Disaplan" fullname="Disaplan" runstate="Runnable" testcasecount="1" result="Passed" start-time="2018-09-07 12:55:29Z" end-time="2018-09-07 12:55:36Z" duration="7.169321" total="1" passed="1" failed="0" inconclusive="0" skipped="0" asserts="0">
      <test-suite type="TestSuite" id="0-1004" name="WebApp" fullname="Disaplan.WebApp" runstate="Runnable" testcasecount="1" result="Passed" start-time="2018-09-07 12:55:29Z" end-time="2018-09-07 12:55:36Z" duration="7.169131" total="1" passed="1" failed="0" inconclusive="0" skipped="0" asserts="0">
        <test-suite type="TestSuite" id="0-1005" name="Features" fullname="Disaplan.WebApp.Features" runstate="Runnable" testcasecount="1" result="Passed" start-time="2018-09-07 12:55:29Z" end-time="2018-09-07 12:55:36Z" duration="7.169094" total="1" passed="1" failed="0" inconclusive="0" skipped="0" asserts="0">
          <test-suite type="TestSuite" id="0-1006" name="Specs" fullname="Disaplan.WebApp.Features.Specs" runstate="Runnable" testcasecount="1" result="Passed" start-time="2018-09-07 12:55:29Z" end-time="2018-09-07 12:55:36Z" duration="7.169018" total="1" passed="1" failed="0" inconclusive="0" skipped="0" asserts="0">
            <test-suite type="TestFixture" id="0-1000" name="HomePageFeature" fullname="Disaplan.WebApp.Features.Specs.HomePageFeature" classname="Disaplan.WebApp.Features.Specs.HomePageFeature" runstate="Runnable" testcasecount="1" result="Passed" start-time="2018-09-07 12:55:29Z" end-time="2018-09-07 12:55:36Z" duration="7.166657" total="1" passed="1" failed="0" inconclusive="0" skipped="0" asserts="0">
              <properties>
                <property name="Description" value="HomePage" />
              </properties>
              <output><![CDATA[-> Using app.config
]]></output>
              <test-case id="0-1001" name="BrowseHomepage" fullname="Disaplan.WebApp.Features.Specs.HomePageFeature.BrowseHomepage" methodname="BrowseHomepage" classname="Disaplan.WebApp.Features.Specs.HomePageFeature" runstate="Runnable" seed="798259755" result="Passed" start-time="2018-09-07 12:55:31Z" end-time="2018-09-07 12:55:36Z" duration="4.614040" asserts="0">
                <properties>
                  <property name="Description" value="Browse homepage" />
                </properties>
                <output><![CDATA[Given I am on the home page
-> done: HomePageSteps.GivenIAmOnTheHomePage() (0,0s)
Then I should see the homepage
-> done: HomePageSteps.ThenIShouldSeeTheHomepage() (0,0s)
]]></output>
              </test-case>
            </test-suite>
          </test-suite>
        </test-suite>
      </test-suite>
    </test-suite>
  </test-suite>
</test-run>